C:\Program Files (x86)\Microsoft Visual Studio\2019\Community\MSBuild\Microsoft\VC\v160\Microsoft.CppBuild.targets(1044,5): warning MSB8027: Two or more files with the name of GLTexture.cpp will produce outputs to the same location. This can lead to an incorrect build result.  The files involved are GLTexture.cpp, src\GLTexture.cpp.
C:\Program Files (x86)\Microsoft Visual Studio\2019\Community\MSBuild\Microsoft\VC\v160\Microsoft.CppBuild.targets(1044,5): warning MSB8027: Two or more files with the name of Model_3DS.cpp will produce outputs to the same location. This can lead to an incorrect build result.  The files involved are Model_3DS.cpp, src\Model_3DS.cpp.
  GLTexture.cpp
C:\Users\Saafan\Downloads\Compressed\OpenGLMeshLoader19 - sky\OpenGLMeshLoader19 - sky\GLTexture.cpp(61,16): warning C4996: '_strlwr': This function or variable may be unsafe. Consider using _strlwr_s instead. To disable deprecation, use _CRT_SECURE_NO_WARNINGS. See online help for details.
C:\Users\Saafan\Downloads\Compressed\OpenGLMeshLoader19 - sky\OpenGLMeshLoader19 - sky\GLTexture.cpp(65,17): warning C4996: 'strtok': This function or variable may be unsafe. Consider using strtok_s instead. To disable deprecation, use _CRT_SECURE_NO_WARNINGS. See online help for details.
C:\Users\Saafan\Downloads\Compressed\OpenGLMeshLoader19 - sky\OpenGLMeshLoader19 - sky\GLTexture.cpp(77,16): warning C4996: '_strlwr': This function or variable may be unsafe. Consider using _strlwr_s instead. To disable deprecation, use _CRT_SECURE_NO_WARNINGS. See online help for details.
C:\Users\Saafan\Downloads\Compressed\OpenGLMeshLoader19 - sky\OpenGLMeshLoader19 - sky\GLTexture.cpp(146,15): warning C4996: 'fopen': This function or variable may be unsafe. Consider using fopen_s instead. To disable deprecation, use _CRT_SECURE_NO_WARNINGS. See online help for details.
  Model_3DS.cpp
  C:\Users\Saafan\Downloads\Compressed\OpenGLMeshLoader19 - sky\OpenGLMeshLoader19 - sky\Model_3DS.cpp(78) : You need to uncomment this if you are using MFC
C:\Users\Saafan\Downloads\Compressed\OpenGLMeshLoader19 - sky\OpenGLMeshLoader19 - sky\Model_3DS.cpp(182,10): warning C4996: 'strtok': This function or variable may be unsafe. Consider using strtok_s instead. To disable deprecation, use _CRT_SECURE_NO_WARNINGS. See online help for details.
C:\Users\Saafan\Downloads\Compressed\OpenGLMeshLoader19 - sky\OpenGLMeshLoader19 - sky\Model_3DS.cpp(212,11): warning C4996: 'fopen': This function or variable may be unsafe. Consider using fopen_s instead. To disable deprecation, use _CRT_SECURE_NO_WARNINGS. See online help for details.
C:\Users\Saafan\Downloads\Compressed\OpenGLMeshLoader19 - sky\OpenGLMeshLoader19 - sky\Model_3DS.cpp(764,2): warning C4996: 'sprintf': This function or variable may be unsafe. Consider using sprintf_s instead. To disable deprecation, use _CRT_SECURE_NO_WARNINGS. See online help for details.
  GLTexture.cpp
C:\Users\Saafan\Downloads\Compressed\OpenGLMeshLoader19 - sky\OpenGLMeshLoader19 - sky\src\GLTexture.cpp(61,16): warning C4996: '_strlwr': This function or variable may be unsafe. Consider using _strlwr_s instead. To disable deprecation, use _CRT_SECURE_NO_WARNINGS. See online help for details.
C:\Users\Saafan\Downloads\Compressed\OpenGLMeshLoader19 - sky\OpenGLMeshLoader19 - sky\src\GLTexture.cpp(65,17): warning C4996: 'strtok': This function or variable may be unsafe. Consider using strtok_s instead. To disable deprecation, use _CRT_SECURE_NO_WARNINGS. See online help for details.
C:\Users\Saafan\Downloads\Compressed\OpenGLMeshLoader19 - sky\OpenGLMeshLoader19 - sky\src\GLTexture.cpp(77,16): warning C4996: '_strlwr': This function or variable may be unsafe. Consider using _strlwr_s instead. To disable deprecation, use _CRT_SECURE_NO_WARNINGS. See online help for details.
C:\Users\Saafan\Downloads\Compressed\OpenGLMeshLoader19 - sky\OpenGLMeshLoader19 - sky\src\GLTexture.cpp(146,15): warning C4996: 'fopen': This function or variable may be unsafe. Consider using fopen_s instead. To disable deprecation, use _CRT_SECURE_NO_WARNINGS. See online help for details.
  main.cpp
C:\Users\Saafan\Downloads\Compressed\OpenGLMeshLoader19 - sky\OpenGLMeshLoader19 - sky\src\TextureBuilder.h(27,52): warning C4244: 'argument': conversion from 'int' to 'GLfloat', possible loss of data
C:\Users\Saafan\Downloads\Compressed\OpenGLMeshLoader19 - sky\OpenGLMeshLoader19 - sky\src\TextureBuilder.h(28,52): warning C4244: 'argument': conversion from 'int' to 'GLfloat', possible loss of data
C:\Users\Saafan\Downloads\Compressed\OpenGLMeshLoader19 - sky\OpenGLMeshLoader19 - sky\src\main.cpp(778,12): warning C4996: 'localtime': This function or variable may be unsafe. Consider using localtime_s instead. To disable deprecation, use _CRT_SECURE_NO_WARNINGS. See online help for details.
  Model.cpp
  Model_3DS.cpp
  C:\Users\Saafan\Downloads\Compressed\OpenGLMeshLoader19 - sky\OpenGLMeshLoader19 - sky\src\Model_3DS.cpp(78) : You need to uncomment this if you are using MFC
C:\Users\Saafan\Downloads\Compressed\OpenGLMeshLoader19 - sky\OpenGLMeshLoader19 - sky\src\Model_3DS.cpp(182,10): warning C4996: 'strtok': This function or variable may be unsafe. Consider using strtok_s instead. To disable deprecation, use _CRT_SECURE_NO_WARNINGS. See online help for details.
C:\Users\Saafan\Downloads\Compressed\OpenGLMeshLoader19 - sky\OpenGLMeshLoader19 - sky\src\Model_3DS.cpp(212,11): warning C4996: 'fopen': This function or variable may be unsafe. Consider using fopen_s instead. To disable deprecation, use _CRT_SECURE_NO_WARNINGS. See online help for details.
C:\Users\Saafan\Downloads\Compressed\OpenGLMeshLoader19 - sky\OpenGLMeshLoader19 - sky\src\Model_3DS.cpp(463,24): warning C4018: '<': signed/unsigned mismatch
C:\Users\Saafan\Downloads\Compressed\OpenGLMeshLoader19 - sky\OpenGLMeshLoader19 - sky\src\Model_3DS.cpp(765,2): warning C4996: 'sprintf': This function or variable may be unsafe. Consider using sprintf_s instead. To disable deprecation, use _CRT_SECURE_NO_WARNINGS. See online help for details.
  Object.cpp
  ObjLoader.cpp
C:\Users\Saafan\Downloads\Compressed\OpenGLMeshLoader19 - sky\OpenGLMeshLoader19 - sky\src\ObjLoader.cpp(38,20): warning C4018: '<': signed/unsigned mismatch
C:\Users\Saafan\Downloads\Compressed\OpenGLMeshLoader19 - sky\OpenGLMeshLoader19 - sky\src\ObjLoader.cpp(41,19): warning C4101: 'normal': unreferenced local variable
  Randomize.cpp
C:\Users\Saafan\Downloads\Compressed\OpenGLMeshLoader19 - sky\OpenGLMeshLoader19 - sky\src\Randomize.cpp(16,13): warning C4244: 'return': conversion from 'double' to 'float', possible loss of data
  Texture.cpp
  UI.cpp
C:\Users\Saafan\Downloads\Compressed\OpenGLMeshLoader19 - sky\OpenGLMeshLoader19 - sky\src\UI.cpp(57,2): warning C4996: 'sprintf': This function or variable may be unsafe. Consider using sprintf_s instead. To disable deprecation, use _CRT_SECURE_NO_WARNINGS. See online help for details.
  imgui.cpp
  imgui_demo.cpp
  imgui_draw.cpp
  imgui_impl_glut.cpp
  imgui_impl_opengl2.cpp
  imgui_widgets.cpp
  Generating Code...
GLTexture.obj : warning LNK4075: ignoring '/EDITANDCONTINUE' due to '/INCREMENTAL:NO' specification
Debug\GLTexture.obj : warning LNK4042: object specified more than once; extras ignored
Debug\Model_3DS.obj : warning LNK4042: object specified more than once; extras ignored
  OpenGLMeshLoader.vcxproj -> C:\Users\Saafan\Downloads\Compressed\OpenGLMeshLoader19 - sky\OpenGLMeshLoader19 - sky\Debug\OpenGLMeshLoader19.exe
